<?xml version="1.0" encoding="UTF-8"?>
<!-- Generated by org.testng.reporters.JUnitXMLReporter -->
<testsuite hostname="Dell-PC" ignored="0" name="Test" tests="4" failures="1" timestamp="08 Apr 2017 17:11:07 GMT" time="0.063" errors="0">
  <testcase name="testTwo_F" time="0.012" classname="sdettraining.week3.day4.D4_002b_TestsAndReportUsage">
    <failure type="java.lang.AssertionError" message="expected [true] but found [false]">
      <![CDATA[java.lang.AssertionError: expected [true] but found [false]
	at sdettraining.week3.day4.D4_002b_TestsAndReportUsage.testTwo_F(D4_002b_TestsAndReportUsage.java:19)
... Removed 29 stack frames]]>
    </failure>
  </testcase> <!-- testTwo_F -->
  <testcase name="tcAntTest" time="0.018" classname="sdettraining.week3.day4.D4_002b_TestsAndReportUsage"/>
  <testcase name="testOne_P" time="0.002" classname="sdettraining.week3.day4.D4_002b_TestsAndReportUsage"/>
  <testcase name="testRealReportThree" time="0.0" classname="sdettraining.week3.day4.D4_002b_TestsAndReportUsage">
    <skipped/>
  </testcase> <!-- testRealReportThree -->
</testsuite> <!-- Test -->
